[debug] [2021-06-28T10:37:45.390Z] ----------------------------------------------------------------------
[debug] [2021-06-28T10:37:45.394Z] Command:       C:\Program Files\nodejs\node.exe C:\Users\Aashu\AppData\Roaming\npm\node_modules\firebase-tools\lib\bin\firebase.js init
[debug] [2021-06-28T10:37:45.395Z] CLI Version:   9.10.0
[debug] [2021-06-28T10:37:45.395Z] Platform:      win32
[debug] [2021-06-28T10:37:45.395Z] Node Version:  v14.15.4
[debug] [2021-06-28T10:37:45.404Z] Time:          Mon Jun 28 2021 16:07:45 GMT+0530 (India Standard Time)
[debug] [2021-06-28T10:37:45.404Z] ----------------------------------------------------------------------
[debug] 
[debug] [2021-06-28T10:37:45.410Z] >>> [apiv2][query] GET https://firebase-public.firebaseio.com/cli.json [none]
[debug] [2021-06-28T10:37:45.449Z] > command requires scopes: ["email","openid","https://www.googleapis.com/auth/cloudplatformprojects.readonly","https://www.googleapis.com/auth/firebase","https://www.googleapis.com/auth/cloud-platform"]
[debug] [2021-06-28T10:37:45.449Z] > authorizing via signed-in user (buildforfb@gmail.com)
[info] 
     ######## #### ########  ######## ########     ###     ######  ########
     ##        ##  ##     ## ##       ##     ##  ##   ##  ##       ##
     ######    ##  ########  ######   ########  #########  ######  ######
     ##        ##  ##    ##  ##       ##     ## ##     ##       ## ##
     ##       #### ##     ## ######## ########  ##     ##  ######  ########

You're about to initialize a Firebase project in this directory:

  D:\Web Development\MERN\downtime\frontend

[debug] [2021-06-28T10:37:46.624Z] <<< [apiv2][status] GET https://firebase-public.firebaseio.com/cli.json 200
[debug] [2021-06-28T10:37:46.625Z] <<< [apiv2][body] GET https://firebase-public.firebaseio.com/cli.json {"cloudBuildErrorAfter":1594252800000,"cloudBuildWarnAfter":1590019200000,"defaultNode10After":1594252800000,"minVersion":"3.0.5","node8DeploysDisabledAfter":1613390400000,"node8RuntimeDisabledAfter":1615809600000,"node8WarnAfter":1600128000000}
[info] 
=== Project Setup
[info] 
[info] First, let's associate this project directory with a Firebase project.
[info] You can create multiple project aliases by running firebase use --add, 
[info] but for now we'll just set up a default project.
[info] 
[debug] [2021-06-28T10:38:01.079Z] > refreshing access token with scopes: []
[debug] [2021-06-28T10:38:01.080Z] >>> HTTP REQUEST POST https://www.googleapis.com/oauth2/v3/token  
 <request body omitted>
[debug] [2021-06-28T10:38:01.683Z] <<< HTTP RESPONSE 200 {"date":"Mon, 28 Jun 2021 10:38:01 GMT","pragma":"no-cache","cache-control":"no-cache, no-store, max-age=0, must-revalidate","expires":"Mon, 01 Jan 1990 00:00:00 GMT","content-type":"application/json; charset=utf-8","vary":"X-Origin, Referer, Origin,Accept-Encoding","server":"scaffolding on HTTPServer2","x-xss-protection":"0","x-frame-options":"SAMEORIGIN","x-content-type-options":"nosniff","alt-svc":"h3=\":443\"; ma=2592000,h3-29=\":443\"; ma=2592000,h3-T051=\":443\"; ma=2592000,h3-Q050=\":443\"; ma=2592000,h3-Q046=\":443\"; ma=2592000,h3-Q043=\":443\"; ma=2592000,quic=\":443\"; ma=2592000; v=\"46,43\"","accept-ranges":"none","transfer-encoding":"chunked"}
[debug] [2021-06-28T10:38:01.701Z] >>> [apiv2][query] GET https://firebase.googleapis.com/v1beta1/projects pageSize=100
[debug] [2021-06-28T10:38:02.750Z] <<< [apiv2][status] GET https://firebase.googleapis.com/v1beta1/projects 200
[debug] [2021-06-28T10:38:02.750Z] <<< [apiv2][body] GET https://firebase.googleapis.com/v1beta1/projects [omitted]
